sys.path = ['..\\WARLORDS\\ASSETS\\PYTHON\\SYSTEM\\email', '..\\WARLORDS\\ASSETS\\PYTHON\\SYSTEM\\encodings', '..\\WARLORDS\\ASSETS\\PYTHON\\SYSTEM\\wx', '..\\WARLORDS\\ASSETS\\PYTHON\\SYSTEM\\wx\\build', '..\\WARLORDS\\ASSETS\\PYTHON\\SYSTEM\\wx\\lib', '..\\WARLORDS\\ASSETS\\PYTHON\\SYSTEM\\wx\\locale', '..\\WARLORDS\\ASSETS\\PYTHON\\SYSTEM\\wx\\py', '..\\WARLORDS\\ASSETS\\PYTHON\\SYSTEM\\wx\\tools', '..\\WARLORDS\\ASSETS\\PYTHON\\SYSTEM\\wx\\lib\\colourchooser', '..\\WARLORDS\\ASSETS\\PYTHON\\SYSTEM\\wx\\lib\\editor', '..\\WARLORDS\\ASSETS\\PYTHON\\SYSTEM\\wx\\lib\\floatcanvas', '..\\WARLORDS\\ASSETS\\PYTHON\\SYSTEM\\wx\\lib\\masked', '..\\WARLORDS\\ASSETS\\PYTHON\\SYSTEM\\wx\\lib\\mixins', '..\\WARLORDS\\ASSETS\\PYTHON\\SYSTEM\\wx\\lib\\ogl', '..\\WARLORDS\\ASSETS\\PYTHON\\SYSTEM\\wx\\locale\\af', '..\\WARLORDS\\ASSETS\\PYTHON\\SYSTEM\\wx\\locale\\ca', '..\\WARLORDS\\ASSETS\\PYTHON\\SYSTEM\\wx\\locale\\cs', '..\\WARLORDS\\ASSETS\\PYTHON\\SYSTEM\\wx\\locale\\da', '..\\WARLORDS\\ASSETS\\PYTHON\\SYSTEM\\wx\\locale\\de', '..\\WARLORDS\\ASSETS\\PYTHON\\SYSTEM\\wx\\locale\\el', '..\\WARLORDS\\ASSETS\\PYTHON\\SYSTEM\\wx\\locale\\es', '..\\WARLORDS\\ASSETS\\PYTHON\\SYSTEM\\wx\\locale\\eu', '..\\WARLORDS\\ASSETS\\PYTHON\\SYSTEM\\wx\\locale\\fi', '..\\WARLORDS\\ASSETS\\PYTHON\\SYSTEM\\wx\\locale\\fr', '..\\WARLORDS\\ASSETS\\PYTHON\\SYSTEM\\wx\\locale\\hi', '..\\WARLORDS\\ASSETS\\PYTHON\\SYSTEM\\wx\\locale\\hu', '..\\WARLORDS\\ASSETS\\PYTHON\\SYSTEM\\wx\\locale\\id', '..\\WARLORDS\\ASSETS\\PYTHON\\SYSTEM\\wx\\locale\\it', '..\\WARLORDS\\ASSETS\\PYTHON\\SYSTEM\\wx\\locale\\ja', '..\\WARLORDS\\ASSETS\\PYTHON\\SYSTEM\\wx\\locale\\lv', '..\\WARLORDS\\ASSETS\\PYTHON\\SYSTEM\\wx\\locale\\nb', '..\\WARLORDS\\ASSETS\\PYTHON\\SYSTEM\\wx\\locale\\nl', '..\\WARLORDS\\ASSETS\\PYTHON\\SYSTEM\\wx\\locale\\pl', '..\\WARLORDS\\ASSETS\\PYTHON\\SYSTEM\\wx\\locale\\pt_BR', '..\\WARLORDS\\ASSETS\\PYTHON\\SYSTEM\\wx\\locale\\ru', '..\\WARLORDS\\ASSETS\\PYTHON\\SYSTEM\\wx\\locale\\sl', '..\\WARLORDS\\ASSETS\\PYTHON\\SYSTEM\\wx\\locale\\sv', '..\\WARLORDS\\ASSETS\\PYTHON\\SYSTEM\\wx\\locale\\tr', '..\\WARLORDS\\ASSETS\\PYTHON\\SYSTEM\\wx\\locale\\uk', '..\\WARLORDS\\ASSETS\\PYTHON\\SYSTEM\\wx\\locale\\zh_CN', '..\\WARLORDS\\ASSETS\\PYTHON\\SYSTEM\\wx\\locale\\zh_TW', '..\\WARLORDS\\ASSETS\\PYTHON\\SYSTEM\\wx\\locale\\af\\LC_MESSAGES', '..\\WARLORDS\\ASSETS\\PYTHON\\SYSTEM\\wx\\locale\\ca\\LC_MESSAGES', '..\\WARLORDS\\ASSETS\\PYTHON\\SYSTEM\\wx\\locale\\cs\\LC_MESSAGES', '..\\WARLORDS\\ASSETS\\PYTHON\\SYSTEM\\wx\\locale\\da\\LC_MESSAGES', '..\\WARLORDS\\ASSETS\\PYTHON\\SYSTEM\\wx\\locale\\de\\LC_MESSAGES', '..\\WARLORDS\\ASSETS\\PYTHON\\SYSTEM\\wx\\locale\\el\\LC_MESSAGES', '..\\WARLORDS\\ASSETS\\PYTHON\\SYSTEM\\wx\\locale\\es\\LC_MESSAGES', '..\\WARLORDS\\ASSETS\\PYTHON\\SYSTEM\\wx\\locale\\eu\\LC_MESSAGES', '..\\WARLORDS\\ASSETS\\PYTHON\\SYSTEM\\wx\\locale\\fi\\LC_MESSAGES', '..\\WARLORDS\\ASSETS\\PYTHON\\SYSTEM\\wx\\locale\\fr\\LC_MESSAGES', '..\\WARLORDS\\ASSETS\\PYTHON\\SYSTEM\\wx\\locale\\hi\\LC_MESSAGES', '..\\WARLORDS\\ASSETS\\PYTHON\\SYSTEM\\wx\\locale\\hu\\LC_MESSAGES', '..\\WARLORDS\\ASSETS\\PYTHON\\SYSTEM\\wx\\locale\\id\\LC_MESSAGES', '..\\WARLORDS\\ASSETS\\PYTHON\\SYSTEM\\wx\\locale\\it\\LC_MESSAGES', '..\\WARLORDS\\ASSETS\\PYTHON\\SYSTEM\\wx\\locale\\ja\\LC_MESSAGES', '..\\WARLORDS\\ASSETS\\PYTHON\\SYSTEM\\wx\\locale\\lv\\LC_MESSAGES', '..\\WARLORDS\\ASSETS\\PYTHON\\SYSTEM\\wx\\locale\\nb\\LC_MESSAGES', '..\\WARLORDS\\ASSETS\\PYTHON\\SYSTEM\\wx\\locale\\nl\\LC_MESSAGES', '..\\WARLORDS\\ASSETS\\PYTHON\\SYSTEM\\wx\\locale\\pl\\LC_MESSAGES', '..\\WARLORDS\\ASSETS\\PYTHON\\SYSTEM\\wx\\locale\\pt_BR\\LC_MESSAGES', '..\\WARLORDS\\ASSETS\\PYTHON\\SYSTEM\\wx\\locale\\ru\\LC_MESSAGES', '..\\WARLORDS\\ASSETS\\PYTHON\\SYSTEM\\wx\\locale\\sl\\LC_MESSAGES', '..\\WARLORDS\\ASSETS\\PYTHON\\SYSTEM\\wx\\locale\\sv\\LC_MESSAGES', '..\\WARLORDS\\ASSETS\\PYTHON\\SYSTEM\\wx\\locale\\tr\\LC_MESSAGES', '..\\WARLORDS\\ASSETS\\PYTHON\\SYSTEM\\wx\\locale\\uk\\LC_MESSAGES', '..\\WARLORDS\\ASSETS\\PYTHON\\SYSTEM\\wx\\locale\\zh_CN\\LC_MESSAGES', '..\\WARLORDS\\ASSETS\\PYTHON\\SYSTEM\\wx\\locale\\zh_TW\\LC_MESSAGES', '..\\WARLORDS\\ASSETS\\PYTHON\\SYSTEM\\wx\\py\\tests', '..\\WARLORDS\\ASSETS\\PYTHON\\SYSTEM\\wx\\tools\\XRCed', '..\\WARLORDS\\ASSETS\\PYTHON\\SYSTEM\\wx\\tools\\XRCed\\src-images', '..\\WARLORDS\\ASSETS\\PYTHON\\SYSTEM']

sys.modules = {'zipimport': <module 'zipimport' (built-in)>, 'signal': <module 'signal' (built-in)>, '__builtin__': <module '__builtin__' (built-in)>, 'sys': <module 'sys' (built-in)>, '__main__': <module '__main__' (built-in)>, 'exceptions': <module 'exceptions' (built-in)>, 'CvPythonExtensions': <module 'CvPythonExtensions' (built-in)>}

sys.builtin_module_names = ('CvPythonExtensions', '__builtin__', '__main__', '_bisect', '_codecs', '_codecs_cn', '_codecs_hk', '_codecs_iso2022', '_codecs_jp', '_codecs_kr', '_codecs_tw', '_csv', '_heapq', '_hotshot', '_locale', '_multibytecodec', '_random', '_sre', '_subprocess', '_symtable', '_weakref', '_winreg', 'array', 'audioop', 'binascii', 'cPickle', 'cStringIO', 'cmath', 'collections', 'datetime', 'errno', 'exceptions', 'gc', 'imageop', 'imp', 'itertools', 'marshal', 'math', 'md5', 'mmap', 'msvcrt', 'nt', 'operator', 'parser', 'regex', 'rgbimg', 'sha', 'signal', 'strop', 'struct', 'sys', 'thread', 'time', 'xxsubtype', 'zipimport')
load_module CvEventInterface
load_module CvUtil
load_module traceback
load_module CvEventManager
load_module CvScreensInterface
load_module CvMainInterface
load_module ScreenInput
load_module CvScreenEnums
load_module time
load_module CvDomesticAdvisor
load_module CvTechChooser
load_module CvForeignAdvisor
load_module math
load_module CvExoticForeignAdvisor
load_module IconGrid
load_module DomPyHelpers
load_module PyHelpers
load_module TechTree
load_module re
load_module CvMilitaryAdvisor
load_module CvFinanceAdvisor
load_module CvReligionScreen
load_module CvCorporationScreen
load_module CvCivicsScreen
load_module string
load_module CvVictoryScreen
load_module CvEspionageAdvisor
load_module CvOptionsScreen
load_module CvReplayScreen
load_module CvHallOfFameScreen
load_module CvDanQuayle
load_module CvGameUtils
load_module CvUnVictoryScreen
load_module CvDawnOfMan
load_module CvTechSplashScreen
load_module CvTopCivs
load_module random
load_module CvInfoScreen
load_module CvIntroMovieScreen
load_module CvVictoryMovieScreen
load_module CvWonderMovieScreen
load_module CvEraMovieScreen
load_module CvSpaceShipScreen
load_module CvPediaMain
load_module CvPediaScreen
load_module CvScreen
load_module CvPediaTech
load_module CvPediaUnit
load_module CvPediaBuilding
load_module CvPediaPromotion
load_module CvPediaUnitChart
load_module CvPediaBonus
load_module CvPediaTerrain
load_module CvPediaFeature
load_module CvPediaImprovement
load_module CvPediaCivic
load_module CvPediaCivilization
load_module CvPediaLeader
load_module CvPediaSpecialist
load_module CvPediaHistory
load_module CvPediaProject
load_module CvPediaReligion
load_module CvPediaCorporation
load_module CvWorldBuilderScreen
load_module Popup
load_module CvWorldBuilderDiplomacyScreen
load_module CvDebugTools
load_module CvDebugInfoScreen
load_module CvMapGeneratorUtil
load_module CvGFCScreen
load_module CvPopupInterface
load_module CvScreenUtilsInterface
load_module CvScreenUtils
init-ing world builder screen
load_module CvWBPopups
load_module CvCameraControls
load_module CvAdvisorUtils
PY:OnInit
load_module CvAppInterface
